TN:
SF:__TEST__\testDB.js
FNF:0
FNH:0
DA:1,1
DA:2,1
DA:3,1
DA:4,1
DA:5,1
DA:6,1
DA:7,1
DA:8,1
DA:9,1
DA:10,1
DA:11,1
DA:12,1
DA:13,1
DA:14,1
DA:15,1
DA:16,1
DA:17,1
DA:18,1
DA:19,1
DA:20,1
DA:21,1
DA:22,1
DA:23,1
DA:24,1
DA:25,1
DA:26,1
DA:27,1
DA:28,1
DA:29,1
DA:30,1
DA:31,1
DA:32,1
DA:33,1
DA:34,1
DA:35,1
DA:36,1
DA:37,1
DA:38,1
DA:39,1
DA:40,1
DA:41,1
DA:42,1
DA:43,1
DA:44,1
DA:45,1
DA:46,1
DA:47,1
DA:48,1
DA:49,1
DA:50,1
DA:51,1
DA:52,1
DA:53,1
DA:54,1
DA:55,1
DA:56,1
DA:57,1
DA:58,1
DA:59,1
DA:60,1
DA:61,1
DA:62,1
DA:63,1
DA:64,1
DA:65,1
DA:66,1
DA:67,1
DA:68,1
DA:69,1
DA:70,1
DA:71,1
DA:72,1
DA:73,1
DA:74,1
DA:75,1
DA:76,1
DA:77,1
DA:78,1
DA:79,1
DA:80,1
DA:81,1
DA:82,1
LF:82
LH:82
BRF:0
BRH:0
end_of_record
TN:
SF:config\configuration.js
FNF:0
FNH:0
DA:1,1
DA:2,1
DA:3,1
DA:4,1
DA:5,1
DA:6,1
DA:7,1
DA:8,1
DA:9,1
DA:10,1
DA:11,1
DA:12,1
DA:13,1
DA:14,1
DA:15,1
DA:16,1
DA:17,1
DA:18,1
DA:19,1
DA:20,1
DA:21,1
DA:22,1
DA:23,1
DA:24,1
DA:25,1
LF:25
LH:25
BRDA:5,0,0,0
BRF:1
BRH:0
end_of_record
TN:
SF:server\connectDb.js
FN:15,logging
FN:19,testF
FNF:2
FNH:1
FNDA:0,logging
FNDA:5,testF
DA:1,1
DA:2,1
DA:3,1
DA:4,1
DA:5,1
DA:6,1
DA:7,1
DA:8,1
DA:9,1
DA:10,1
DA:11,1
DA:12,1
DA:13,1
DA:14,1
DA:15,1
DA:16,1
DA:17,1
DA:18,1
DA:19,1
DA:20,5
DA:21,5
DA:22,0
DA:23,0
DA:24,0
DA:25,0
DA:26,5
DA:27,1
DA:28,1
DA:29,1
DA:30,1
LF:30
LH:26
BRDA:19,0,0,5
BRDA:21,1,0,0
BRF:2
BRH:1
end_of_record
TN:
SF:server\logger.js
FN:33,Logger
FN:49,trace
FN:53,debug
FN:57,info
FN:61,warn
FN:65,error
FN:69,fatal
FNF:7
FNH:1
FNDA:5,Logger
FNDA:0,trace
FNDA:0,debug
FNDA:0,info
FNDA:0,warn
FNDA:0,error
FNDA:0,fatal
DA:1,1
DA:2,1
DA:3,1
DA:4,1
DA:5,1
DA:6,1
DA:7,1
DA:8,1
DA:9,1
DA:10,1
DA:11,1
DA:12,1
DA:13,1
DA:14,1
DA:15,1
DA:16,1
DA:17,1
DA:18,1
DA:19,1
DA:20,1
DA:21,1
DA:22,1
DA:23,1
DA:24,1
DA:25,1
DA:26,1
DA:27,0
DA:28,0
DA:29,0
DA:30,1
DA:31,1
DA:32,1
DA:33,1
DA:34,5
DA:35,5
DA:36,5
DA:37,5
DA:38,5
DA:39,5
DA:40,5
DA:41,5
DA:42,5
DA:43,5
DA:44,5
DA:45,5
DA:46,5
DA:47,5
DA:48,1
DA:49,1
DA:50,0
DA:51,0
DA:52,1
DA:53,1
DA:54,0
DA:55,0
DA:56,1
DA:57,1
DA:58,0
DA:59,0
DA:60,1
DA:61,1
DA:62,0
DA:63,0
DA:64,1
DA:65,1
DA:66,0
DA:67,0
DA:68,1
DA:69,1
DA:70,0
DA:71,0
DA:72,1
DA:73,1
DA:74,1
LF:74
LH:59
BRDA:33,0,0,5
BRDA:42,1,0,0
BRDA:44,2,0,0
BRF:3
BRH:1
end_of_record
TN:
SF:server\ repositories\index.js
FNF:0
FNH:0
DA:1,1
DA:2,1
DA:3,1
DA:4,1
DA:5,1
DA:6,1
DA:7,1
LF:7
LH:7
BRF:0
BRH:0
end_of_record
TN:
SF:server\ repositories\stories.repository.js
FN:4,findAll
FN:17,findById
FN:31,findByAuthorId
FN:47,create
FN:60,updateStory
FN:76,deleteStory
FNF:6
FNH:6
FNDA:2,findAll
FNDA:2,findById
FNDA:2,findByAuthorId
FNDA:2,create
FNDA:3,updateStory
FNDA:3,deleteStory
DA:1,1
DA:2,1
DA:3,1
DA:4,1
DA:5,2
DA:6,2
DA:7,2
DA:8,2
DA:9,2
DA:10,2
DA:11,1
DA:12,1
DA:13,1
DA:14,1
DA:15,2
DA:16,1
DA:17,1
DA:18,2
DA:19,2
DA:20,2
DA:21,2
DA:22,2
DA:23,2
DA:24,2
DA:25,1
DA:26,1
DA:27,1
DA:28,1
DA:29,2
DA:30,1
DA:31,1
DA:32,2
DA:33,2
DA:34,2
DA:35,2
DA:36,2
DA:37,2
DA:38,2
DA:39,2
DA:40,2
DA:41,1
DA:42,1
DA:43,1
DA:44,1
DA:45,2
DA:46,1
DA:47,1
DA:48,2
DA:49,2
DA:50,2
DA:51,2
DA:52,2
DA:53,2
DA:54,1
DA:55,1
DA:56,1
DA:57,1
DA:58,2
DA:59,1
DA:60,1
DA:61,3
DA:62,3
DA:63,3
DA:64,3
DA:65,3
DA:66,3
DA:67,3
DA:68,3
DA:69,3
DA:70,2
DA:71,3
DA:72,1
DA:73,1
DA:74,3
DA:75,1
DA:76,1
DA:77,3
DA:78,3
DA:79,3
DA:80,3
DA:81,3
DA:82,3
DA:83,2
DA:84,3
DA:85,1
DA:86,1
DA:87,3
DA:88,1
DA:89,1
DA:90,1
LF:90
LH:90
BRDA:4,0,0,2
BRDA:10,1,0,1
BRDA:17,2,0,2
BRDA:24,3,0,1
BRDA:31,4,0,2
BRDA:40,5,0,1
BRDA:47,6,0,2
BRDA:53,7,0,1
BRDA:60,8,0,3
BRDA:69,9,0,2
BRDA:71,10,0,1
BRDA:76,11,0,3
BRDA:82,12,0,2
BRDA:84,13,0,1
BRF:14
BRH:14
end_of_record
TN:
SF:server\ repositories\users.repository.js
FN:4,findAll
FN:13,findByUsername
FN:26,create
FN:39,updateUser
FN:55,deleteUser
FN:68,findByEmail
FNF:6
FNH:6
FNDA:2,findAll
FNDA:2,findByUsername
FNDA:2,create
FNDA:3,updateUser
FNDA:3,deleteUser
FNDA:2,findByEmail
DA:1,1
DA:2,1
DA:3,1
DA:4,1
DA:5,2
DA:6,2
DA:7,1
DA:8,1
DA:9,1
DA:10,1
DA:11,2
DA:12,1
DA:13,1
DA:14,2
DA:15,2
DA:16,2
DA:17,2
DA:18,2
DA:19,2
DA:20,1
DA:21,1
DA:22,1
DA:23,1
DA:24,2
DA:25,1
DA:26,1
DA:27,2
DA:28,2
DA:29,2
DA:30,2
DA:31,2
DA:32,2
DA:33,1
DA:34,1
DA:35,1
DA:36,1
DA:37,2
DA:38,1
DA:39,1
DA:40,3
DA:41,3
DA:42,3
DA:43,3
DA:44,3
DA:45,3
DA:46,3
DA:47,3
DA:48,3
DA:49,2
DA:50,3
DA:51,1
DA:52,1
DA:53,3
DA:54,1
DA:55,1
DA:56,3
DA:57,3
DA:58,3
DA:59,3
DA:60,3
DA:61,3
DA:62,2
DA:63,3
DA:64,1
DA:65,1
DA:66,3
DA:67,1
DA:68,1
DA:69,2
DA:70,2
DA:71,2
DA:72,2
DA:73,2
DA:74,2
DA:75,1
DA:76,1
DA:77,1
DA:78,1
DA:79,2
DA:80,1
DA:81,1
DA:82,1
LF:82
LH:82
BRDA:4,0,0,2
BRDA:6,1,0,1
BRDA:13,2,0,2
BRDA:19,3,0,1
BRDA:26,4,0,2
BRDA:32,5,0,1
BRDA:39,6,0,3
BRDA:48,7,0,2
BRDA:50,8,0,1
BRDA:55,9,0,3
BRDA:61,10,0,2
BRDA:63,11,0,1
BRDA:68,12,0,2
BRDA:74,13,0,1
BRF:14
BRH:14
end_of_record
TN:
SF:server\dto\story\createOnly.story.dto.js
FN:2,CreateOnlyStory
FNF:1
FNH:1
FNDA:2,CreateOnlyStory
DA:1,1
DA:2,1
DA:3,2
DA:4,2
DA:5,2
DA:6,2
DA:7,2
DA:8,2
DA:9,2
DA:10,1
DA:11,1
LF:11
LH:11
BRDA:2,0,0,2
BRF:1
BRH:1
end_of_record
TN:
SF:server\dto\story\index.js
FNF:0
FNH:0
DA:1,1
DA:2,1
DA:3,1
DA:4,1
DA:5,1
DA:6,1
DA:7,1
LF:7
LH:7
BRF:0
BRH:0
end_of_record
TN:
SF:server\dto\story\viewOnly.story.dto.js
FN:2,ViewOnlyStory
FNF:1
FNH:1
FNDA:2,ViewOnlyStory
DA:1,1
DA:2,1
DA:3,2
DA:4,2
DA:5,2
DA:6,2
DA:7,2
DA:8,2
DA:9,1
DA:10,1
LF:10
LH:10
BRDA:2,0,0,2
BRF:1
BRH:1
end_of_record
TN:
SF:server\dto\user\createOnly.user.dto.js
FN:2,CreateOnlyUser
FNF:1
FNH:1
FNDA:2,CreateOnlyUser
DA:1,1
DA:2,1
DA:3,2
DA:4,2
DA:5,2
DA:6,2
DA:7,2
DA:8,2
DA:9,2
DA:10,1
DA:11,1
LF:11
LH:11
BRDA:2,0,0,2
BRF:1
BRH:1
end_of_record
TN:
SF:server\dto\user\index.js
FNF:0
FNH:0
DA:1,1
DA:2,1
DA:3,1
DA:4,1
DA:5,1
DA:6,1
DA:7,1
LF:7
LH:7
BRF:0
BRH:0
end_of_record
TN:
SF:server\dto\user\viewOnly.user.dto.js
FN:2,ViewOnlyUser
FNF:1
FNH:1
FNDA:2,ViewOnlyUser
DA:1,1
DA:2,1
DA:3,2
DA:4,2
DA:5,2
DA:6,2
DA:7,2
DA:8,2
DA:9,1
DA:10,1
LF:10
LH:10
BRDA:2,0,0,2
BRF:1
BRH:1
end_of_record
TN:
SF:server\errors\badRequest.error.js
FN:5,BadRequestError
FNF:1
FNH:1
FNDA:3,BadRequestError
DA:1,1
DA:2,1
DA:3,1
DA:4,1
DA:5,1
DA:6,3
DA:7,3
DA:8,3
DA:9,3
DA:10,3
DA:11,3
DA:12,3
DA:13,1
DA:14,1
LF:14
LH:14
BRDA:5,0,0,3
BRF:1
BRH:1
end_of_record
TN:
SF:server\errors\customApi.error.js
FN:2,CustomAPIError
FNF:1
FNH:1
FNDA:9,CustomAPIError
DA:1,1
DA:2,1
DA:3,9
DA:4,9
DA:5,9
DA:6,9
DA:7,9
DA:8,9
DA:9,9
DA:10,9
DA:11,9
DA:12,1
DA:13,1
LF:13
LH:13
BRDA:2,0,0,9
BRF:1
BRH:1
end_of_record
TN:
SF:server\errors\http404NotFound.error.js
FN:5,HTTP404NotFoundError
FNF:1
FNH:1
FNDA:6,HTTP404NotFoundError
DA:1,1
DA:2,1
DA:3,1
DA:4,1
DA:5,1
DA:6,6
DA:7,6
DA:8,6
DA:9,6
DA:10,6
DA:11,6
DA:12,6
DA:13,1
DA:14,1
DA:15,1
LF:15
LH:15
BRDA:5,0,0,6
BRF:1
BRH:1
end_of_record
TN:
SF:server\errors\index.js
FNF:0
FNH:0
DA:1,1
DA:2,1
DA:3,1
DA:4,1
DA:5,1
DA:6,1
DA:7,1
DA:8,1
DA:9,1
DA:10,1
DA:11,1
LF:11
LH:11
BRF:0
BRH:0
end_of_record
TN:
SF:server\errors\internalServer.error.js
FN:5,InternalServerError
FNF:1
FNH:0
FNDA:0,InternalServerError
DA:1,1
DA:2,1
DA:3,1
DA:4,1
DA:5,1
DA:6,0
DA:7,0
DA:8,0
DA:9,0
DA:10,0
DA:11,0
DA:12,0
DA:13,1
DA:14,1
LF:14
LH:7
BRF:0
BRH:0
end_of_record
TN:
SF:server\models\Story.js
FNF:0
FNH:0
DA:1,1
DA:2,1
DA:3,1
DA:4,1
DA:5,1
DA:6,1
DA:7,1
DA:8,1
DA:9,1
DA:10,1
DA:11,1
DA:12,1
DA:13,1
DA:14,1
DA:15,1
DA:16,1
DA:17,1
DA:18,1
DA:19,1
DA:20,1
DA:21,1
DA:22,1
DA:23,1
DA:24,1
DA:25,1
DA:26,1
DA:27,1
LF:27
LH:27
BRF:0
BRH:0
end_of_record
TN:
SF:server\models\User.js
FNF:0
FNH:0
DA:1,1
DA:2,1
DA:3,1
DA:4,1
DA:5,1
DA:6,1
DA:7,1
DA:8,1
DA:9,1
DA:10,1
DA:11,1
DA:12,1
DA:13,1
DA:14,1
DA:15,1
DA:16,1
DA:17,1
DA:18,1
DA:19,1
DA:20,1
DA:21,1
DA:22,1
DA:23,1
DA:24,1
DA:25,1
DA:26,1
DA:27,1
DA:28,1
DA:29,1
DA:30,1
DA:31,1
DA:32,1
DA:33,1
DA:34,1
DA:35,1
DA:36,1
DA:37,1
DA:38,1
DA:39,1
DA:40,1
DA:41,1
DA:42,1
DA:43,1
DA:44,1
DA:45,1
DA:46,1
DA:47,1
DA:48,1
DA:49,1
DA:50,1
DA:51,1
DA:52,1
DA:53,1
DA:54,1
LF:54
LH:54
BRF:0
BRH:0
end_of_record
TN:
SF:server\models\index.js
FNF:0
FNH:0
DA:1,1
DA:2,1
DA:3,1
DA:4,1
DA:5,1
DA:6,1
DA:7,1
DA:8,1
DA:9,5
DA:10,1
DA:11,1
DA:12,1
DA:13,1
DA:14,1
DA:15,1
LF:15
LH:15
BRDA:8,0,0,5
BRDA:9,1,0,0
BRF:2
BRH:1
end_of_record
TN:
SF:server\services\auth.service.js
FN:6,registerUser
FN:20,loginUser
FNF:2
FNH:2
FNDA:2,registerUser
FNDA:3,loginUser
DA:1,1
DA:2,1
DA:3,1
DA:4,1
DA:5,1
DA:6,1
DA:7,2
DA:8,2
DA:9,2
DA:10,2
DA:11,2
DA:12,2
DA:13,1
DA:14,1
DA:15,1
DA:16,1
DA:17,1
DA:18,2
DA:19,1
DA:20,1
DA:21,3
DA:22,3
DA:23,2
DA:24,3
DA:25,1
DA:26,1
DA:27,1
DA:28,1
DA:29,1
DA:30,1
DA:31,1
DA:32,1
DA:33,1
DA:34,1
DA:35,1
DA:36,1
DA:37,3
DA:38,2
DA:39,2
DA:40,3
DA:41,1
DA:42,1
DA:43,1
LF:43
LH:43
BRDA:6,0,0,2
BRDA:12,1,0,1
BRDA:20,2,0,3
BRDA:22,3,0,2
BRDA:24,4,0,1
BRDA:37,5,0,2
BRF:6
BRH:6
end_of_record
TN:
SF:server\services\index.js
FNF:0
FNH:0
DA:1,1
DA:2,1
DA:3,1
DA:4,1
DA:5,1
DA:6,1
DA:7,1
DA:8,1
DA:9,1
LF:9
LH:9
BRF:0
BRH:0
end_of_record
TN:
SF:server\services\stories.service.js
FN:8,findAllStories
FN:18,findStoryById
FN:32,findStoriesByAuthor
FN:46,createStory
FN:60,updateStoryById
FN:74,deleteStoryById
FNF:6
FNH:6
FNDA:2,findAllStories
FNDA:3,findStoryById
FNDA:2,findStoriesByAuthor
FNDA:2,createStory
FNDA:2,updateStoryById
FNDA:2,deleteStoryById
DA:1,1
DA:2,1
DA:3,1
DA:4,1
DA:5,1
DA:6,1
DA:7,1
DA:8,1
DA:9,2
DA:10,2
DA:11,1
DA:12,1
DA:13,1
DA:14,1
DA:15,1
DA:16,2
DA:17,1
DA:18,1
DA:19,3
DA:20,3
DA:21,2
DA:22,3
DA:23,1
DA:24,1
DA:25,1
DA:26,1
DA:27,3
DA:28,2
DA:29,2
DA:30,3
DA:31,1
DA:32,1
DA:33,2
DA:34,2
DA:35,2
DA:36,2
DA:37,2
DA:38,2
DA:39,1
DA:40,1
DA:41,1
DA:42,1
DA:43,1
DA:44,2
DA:45,1
DA:46,1
DA:47,2
DA:48,2
DA:49,2
DA:50,2
DA:51,2
DA:52,2
DA:53,2
DA:54,1
DA:55,1
DA:56,1
DA:57,1
DA:58,2
DA:59,1
DA:60,1
DA:61,2
DA:62,2
DA:63,2
DA:64,2
DA:65,1
DA:66,1
DA:67,1
DA:68,1
DA:69,1
DA:70,1
DA:71,1
DA:72,2
DA:73,1
DA:74,1
DA:75,2
DA:76,2
DA:77,2
DA:78,2
DA:79,1
DA:80,1
DA:81,1
DA:82,1
DA:83,1
DA:84,1
DA:85,1
DA:86,2
DA:87,1
DA:88,1
DA:89,1
LF:89
LH:89
BRDA:8,0,0,2
BRDA:10,1,0,1
BRDA:18,2,0,3
BRDA:20,3,0,2
BRDA:22,4,0,1
BRDA:27,5,0,2
BRDA:32,6,0,2
BRDA:38,7,0,1
BRDA:46,8,0,2
BRDA:53,9,0,1
BRDA:60,10,0,2
BRDA:64,11,0,1
BRDA:74,12,0,2
BRDA:78,13,0,1
BRF:14
BRH:14
end_of_record
TN:
SF:server\services\users.service.js
FN:7,findAllUsers
FN:17,findUser
FN:32,createUser
FN:58,updateUserByUsername
FN:73,deleteUserByUsername
FNF:5
FNH:5
FNDA:2,findAllUsers
FNDA:4,findUser
FNDA:3,createUser
FNDA:2,updateUserByUsername
FNDA:2,deleteUserByUsername
DA:1,1
DA:2,1
DA:3,1
DA:4,1
DA:5,1
DA:6,1
DA:7,1
DA:8,2
DA:9,2
DA:10,1
DA:11,1
DA:12,1
DA:13,1
DA:14,1
DA:15,2
DA:16,1
DA:17,1
DA:18,4
DA:19,4
DA:20,3
DA:21,4
DA:22,1
DA:23,1
DA:24,1
DA:25,4
DA:26,4
DA:27,4
DA:28,2
DA:29,2
DA:30,4
DA:31,1
DA:32,1
DA:33,3
DA:34,3
DA:35,3
DA:36,3
DA:37,1
DA:38,1
DA:39,1
DA:40,2
DA:41,2
DA:42,3
DA:43,1
DA:44,1
DA:45,1
DA:46,1
DA:47,1
DA:48,1
DA:49,1
DA:50,1
DA:51,1
DA:52,1
DA:53,3
DA:54,2
DA:55,2
DA:56,3
DA:57,1
DA:58,1
DA:59,2
DA:60,2
DA:61,2
DA:62,2
DA:63,2
DA:64,1
DA:65,1
DA:66,1
DA:67,1
DA:68,1
DA:69,1
DA:70,1
DA:71,2
DA:72,1
DA:73,1
DA:74,2
DA:75,2
DA:76,2
DA:77,2
DA:78,1
DA:79,1
DA:80,1
DA:81,1
DA:82,1
DA:83,1
DA:84,1
DA:85,2
DA:86,1
DA:87,1
DA:88,1
LF:88
LH:88
BRDA:7,0,0,2
BRDA:9,1,0,1
BRDA:17,2,0,4
BRDA:19,3,0,3
BRDA:21,4,0,1
BRDA:24,5,0,2
BRDA:25,6,0,1
BRDA:25,7,0,1
BRDA:27,8,0,2
BRDA:32,9,0,3
BRDA:36,10,0,1
BRDA:39,11,0,2
BRDA:42,12,0,1
BRDA:53,13,0,2
BRDA:58,14,0,2
BRDA:63,15,0,1
BRDA:73,16,0,2
BRDA:77,17,0,1
BRF:18
BRH:18
end_of_record
TN:
SF:server\utils\contentNegotiation.js
FN:6,ContentNegotiation
FN:12,sendXMLResponse
FN:17,sendTextResponse
FN:22,sendJsonResponse
FN:26,sendHTMLResponse
FN:30,sendResponse
FNF:6
FNH:0
FNDA:0,ContentNegotiation
FNDA:0,sendXMLResponse
FNDA:0,sendTextResponse
FNDA:0,sendJsonResponse
FNDA:0,sendHTMLResponse
FNDA:0,sendResponse
DA:1,1
DA:2,1
DA:3,1
DA:4,1
DA:5,1
DA:6,1
DA:7,0
DA:8,0
DA:9,0
DA:10,0
DA:11,1
DA:12,1
DA:13,0
DA:14,0
DA:15,0
DA:16,1
DA:17,1
DA:18,0
DA:19,0
DA:20,0
DA:21,1
DA:22,1
DA:23,0
DA:24,0
DA:25,1
DA:26,1
DA:27,0
DA:28,0
DA:29,1
DA:30,1
DA:31,0
DA:32,0
DA:33,0
DA:34,0
DA:35,0
DA:36,0
DA:37,0
DA:38,0
DA:39,1
DA:40,1
DA:41,1
LF:41
LH:19
BRF:0
BRH:0
end_of_record
TN:
SF:server\utils\hashing.js
FN:3,generateHashPassword
FN:11,comparePassword
FNF:2
FNH:0
FNDA:0,generateHashPassword
FNDA:0,comparePassword
DA:1,1
DA:2,1
DA:3,1
DA:4,0
DA:5,0
DA:6,0
DA:7,0
DA:8,0
DA:9,0
DA:10,1
DA:11,1
DA:12,0
DA:13,0
DA:14,0
DA:15,1
DA:16,1
DA:17,1
DA:18,1
DA:19,1
LF:19
LH:10
BRF:0
BRH:0
end_of_record
TN:
SF:server\utils\httpStatusCode.js
FNF:0
FNH:0
DA:1,1
DA:2,1
DA:3,1
DA:4,1
DA:5,1
DA:6,1
DA:7,1
DA:8,1
DA:9,1
DA:10,1
DA:11,1
DA:12,1
DA:13,1
DA:14,1
DA:15,1
DA:16,1
DA:17,1
DA:18,1
LF:18
LH:18
BRF:0
BRH:0
end_of_record
TN:
SF:server\utils\index.js
FNF:0
FNH:0
DA:1,1
DA:2,1
DA:3,1
DA:4,1
DA:5,1
DA:6,1
DA:7,1
DA:8,1
DA:9,1
DA:10,1
DA:11,1
DA:12,1
DA:13,1
DA:14,1
DA:15,1
DA:16,1
DA:17,1
LF:17
LH:17
BRF:0
BRH:0
end_of_record
TN:
SF:server\utils\jwt.js
FN:3,createJWT
FNF:1
FNH:0
FNDA:0,createJWT
DA:1,1
DA:2,1
DA:3,1
DA:4,0
DA:5,0
DA:6,0
DA:7,1
DA:8,1
DA:9,1
DA:10,1
DA:11,1
LF:11
LH:8
BRF:0
BRH:0
end_of_record
TN:
SF:server\utils\pagination.js
FN:1,getPagination
FN:7,getPagingData
FNF:2
FNH:0
FNDA:0,getPagination
FNDA:0,getPagingData
DA:1,1
DA:2,0
DA:3,0
DA:4,0
DA:5,0
DA:6,1
DA:7,1
DA:8,0
DA:9,0
DA:10,0
DA:11,0
DA:12,0
DA:13,0
DA:14,0
DA:15,0
DA:16,0
DA:17,0
DA:18,1
DA:19,1
DA:20,1
DA:21,1
DA:22,1
LF:22
LH:8
BRF:0
BRH:0
end_of_record
TN:
SF:server\utils\validator.js
FN:4,validateEmail
FN:9,checkEmptyArray
FNF:2
FNH:0
FNDA:0,validateEmail
FNDA:0,checkEmptyArray
DA:1,1
DA:2,1
DA:3,1
DA:4,1
DA:5,0
DA:6,0
DA:7,0
DA:8,1
DA:9,1
DA:10,0
DA:11,0
DA:12,0
DA:13,1
DA:14,1
DA:15,1
LF:15
LH:9
BRF:0
BRH:0
end_of_record
